2024-02-08 01:44:42,548 - Data generation process started.
2024-02-08 01:44:42,553 - Saved data to CSV: /Users/phaedrus/mathpix_python_challenge/data/set_1_1707374681.csv
2024-02-08 01:44:42,554 - Data generation process started.
2024-02-08 01:44:42,558 - Saved data to CSV: /Users/phaedrus/mathpix_python_challenge/data/set_2_1707374681.csv
2024-02-08 01:44:42,558 - Data generation process started.
2024-02-08 01:44:42,563 - Saved data to CSV: /Users/phaedrus/mathpix_python_challenge/data/set_3_1707374681.csv
2024-02-08 01:44:42,563 - Data generation process started.
2024-02-08 01:44:42,567 - Saved data to CSV: /Users/phaedrus/mathpix_python_challenge/data/set_4_1707374681.csv
2024-02-08 01:44:42,567 - Data generation process started.
2024-02-08 01:44:42,571 - Saved data to CSV: /Users/phaedrus/mathpix_python_challenge/data/set_5_1707374681.csv
2024-02-08 01:44:42,582 - Image generation process started.
2024-02-08 01:44:42,694 - Generated image: /Users/phaedrus/mathpix_python_challenge/images/set_1_1707374681.png
2024-02-08 01:44:42,699 - Image generation process started.
2024-02-08 01:44:42,783 - Generated image: /Users/phaedrus/mathpix_python_challenge/images/set_2_1707374681.png
2024-02-08 01:44:42,789 - Image generation process started.
2024-02-08 01:44:42,877 - Generated image: /Users/phaedrus/mathpix_python_challenge/images/set_3_1707374681.png
2024-02-08 01:44:42,883 - Image generation process started.
2024-02-08 01:44:42,939 - Generated image: /Users/phaedrus/mathpix_python_challenge/images/set_4_1707374681.png
2024-02-08 01:44:42,944 - Image generation process started.
2024-02-08 01:44:43,007 - Generated image: /Users/phaedrus/mathpix_python_challenge/images/set_5_1707374681.png
2024-02-08 02:13:00,059 - Data generation process started.
2024-02-08 02:13:00,068 - Saved data to CSV: /Users/phaedrus/basketball-stat-sheet-generator/data/set_1_1707376379.csv
2024-02-08 02:13:00,068 - Data generation process started.
2024-02-08 02:13:00,075 - Saved data to CSV: /Users/phaedrus/basketball-stat-sheet-generator/data/set_2_1707376379.csv
2024-02-08 02:13:00,075 - Data generation process started.
2024-02-08 02:13:00,084 - Saved data to CSV: /Users/phaedrus/basketball-stat-sheet-generator/data/set_3_1707376379.csv
2024-02-08 02:13:00,095 - Image generation process started.
2024-02-08 02:13:00,500 - Generated image: /Users/phaedrus/basketball-stat-sheet-generator/images/set_1_1707376379.png
2024-02-08 02:13:00,506 - Image generation process started.
2024-02-08 02:13:00,591 - Generated image: /Users/phaedrus/basketball-stat-sheet-generator/images/set_2_1707376379.png
2024-02-08 02:13:00,597 - Image generation process started.
2024-02-08 02:13:00,722 - Generated image: /Users/phaedrus/basketball-stat-sheet-generator/images/set_3_1707376379.png
